Arguments: 
  /usr/local/bin/node /usr/local/bin/yarn start

PATH: 
  /Library/Frameworks/Python.framework/Versions/3.7/bin:/usr/local/bin:/usr/bin:/bin:/usr/sbin:/sbin:/Users/cybob/bin/FDK/Tools/osx

Yarn version: 
  1.5.1

Node version: 
  10.6.0

Platform: 
  darwin x64

npm manifest: 
  {
    "name": "@icedesign/scaffold-lite",
    "version": "1.0.0",
    "description": "该模板适用于从 0 到 1 开始搭建项目，内置四套布局，以及基础的页面，路由和菜单展示",
    "homepage": "https://alibaba.github.io/ice/scaffold-preview/ice-design-lite.html",
    "dependencies": {
      "@icedesign/base": "^0.2.0",
      "@icedesign/container": "^0.1.0",
      "@icedesign/data-binder": "^0.1.1",
      "@icedesign/form-binder": "^0.1.4",
      "@icedesign/icon": "^0.1.1",
      "@icedesign/img": "^0.1.0",
      "@icedesign/label": "^0.1.2",
      "@icedesign/layout": "^0.1.0",
      "@icedesign/menu": "^0.1.0",
      "@icedesign/panel": "^0.1.1",
      "@icedesign/skin": "^0.1.0",
      "bizcharts": "latest",
      "braft-editor": "^1.8.10",
      "classnames": "^2.2.5",
      "enquire-js": "^0.1.2",
      "foundation-symbol": "^0.1.0",
      "immutable": "^3.8.2",
      "is-hotkey": "^0.1.2",
      "node-sass": "^4.9.0",
      "prop-types": "^15.5.8",
      "react-document-title": "^2.0.3",
      "react-router": "^3.2.0",
      "react-thunk": "^1.0.0",
      "slate": "^0.32.5",
      "slate-react": "^0.11.6"
    },
    "devDependencies": {
      "axios": "^0.18.0",
      "babel-eslint": "^8.0.3",
      "eslint": "^4.13.1",
      "eslint-config-airbnb": "^16.1.0",
      "eslint-plugin-babel": "^4.1.1",
      "eslint-plugin-import": "^2.8.0",
      "eslint-plugin-jsx-a11y": "^6.0.3",
      "eslint-plugin-react": "^7.5.1",
      "ice-scripts": "^1.1.1",
      "qs": "^6.5.1",
      "react-cookies": "^0.1.0",
      "react-dom": "^16.3.2",
      "react-redux": "^5.0.7",
      "react-router-dom": "^4.3.1",
      "redux": "^3.7.2",
      "redux-thunk": "^2.2.0"
    },
    "scripts": {
      "start": "ice dev",
      "build": "ice build",
      "lint": "eslint . --ext '.js,.jsx' --fix"
    },
    "publishConfig": {
      "registry": "http://registry.npmjs.com",
      "access": "public"
    },
    "buildConfig": {
      "theme": "@icedesign/skin",
      "entry": "src/index.js"
    },
    "scaffoldConfig": {
      "name": "ice-design-lite",
      "title": "ICE Design Lite",
      "snapshot": "https://img.alicdn.com/tfs/TB1l_wWdHSYBuNjSspiXXXNzpXa-1920-1080.png"
    },
    "title": "yktsystem"
  }

yarn manifest: 
  No manifest

Lockfile: 
  No lockfile

Trace: 
  Error: Command failed.
  Exit code: 127
  Command: sh
  Arguments: -c ice dev
  Directory: /Users/cybob/Desktop/sndadmin
  Output:
  
      at ProcessTermError.MessageError (/usr/local/lib/node_modules/yarn/lib/cli.js:186:110)
      at new ProcessTermError (/usr/local/lib/node_modules/yarn/lib/cli.js:226:113)
      at ChildProcess.<anonymous> (/usr/local/lib/node_modules/yarn/lib/cli.js:30281:17)
      at ChildProcess.emit (events.js:182:13)
      at maybeClose (internal/child_process.js:961:16)
      at Process.ChildProcess._handle.onexit (internal/child_process.js:248:5)
